build/app/intermediates/manifest_merge_blame_file/release/manifest-merger-blame-release-report.txt
1<?xml version="1.0" encoding="utf-8"?>
2<manifest xmlns:android="http://schemas.android.com/apk/res/android"
3    package="com.amofreight.atscustomar.customar_app"
4    android:versionCode="1"
5    android:versionName="1.0.0" >
6
7    <uses-sdk
8        android:minSdkVersion="21"
8-->src/main/AndroidManifest.xml
9        android:targetSdkVersion="33" />
9-->src/main/AndroidManifest.xml
10
11    <uses-permission android:name="android.permission.ACCESS_FINE_LOCATION" />
11-->src/main/AndroidManifest.xml:4:5-78
11-->src/main/AndroidManifest.xml:4:22-76
12    <uses-permission android:name="android.permission.INTERNET" />
12-->[:firebase_messaging] AndroidManifest.xml:9:5-67
12-->[:firebase_messaging] AndroidManifest.xml:9:22-64
13    <uses-permission android:name="android.permission.WAKE_LOCK" />
13-->[:firebase_messaging] AndroidManifest.xml:10:5-68
13-->[:firebase_messaging] AndroidManifest.xml:10:22-65
14    <uses-permission android:name="android.permission.ACCESS_NETWORK_STATE" /> <!-- Permissions options for the `notification` group -->
14-->[:firebase_messaging] AndroidManifest.xml:11:5-79
14-->[:firebase_messaging] AndroidManifest.xml:11:22-76
15    <uses-permission android:name="android.permission.POST_NOTIFICATIONS" />
15-->[:firebase_messaging] AndroidManifest.xml:13:5-77
15-->[:firebase_messaging] AndroidManifest.xml:13:22-74
16    <uses-permission android:name="android.permission.ACCESS_COARSE_LOCATION" />
16-->[:location] AndroidManifest.xml:9:5-81
16-->[:location] AndroidManifest.xml:9:22-78
17
18    <uses-feature
18-->[com.google.android.gms:play-services-maps:18.1.0] AndroidManifest.xml:26:5-28:35
19        android:glEsVersion="0x00020000"
19-->[com.google.android.gms:play-services-maps:18.1.0] AndroidManifest.xml:27:9-41
20        android:required="true" />
20-->[com.google.android.gms:play-services-maps:18.1.0] AndroidManifest.xml:28:9-32
21
22    <queries>
22-->[com.google.android.gms:play-services-maps:18.1.0] AndroidManifest.xml:30:5-34:15
23
24        <!-- Needs to be explicitly declared on Android R+ -->
25        <package android:name="com.google.android.apps.maps" />
25-->[com.google.android.gms:play-services-maps:18.1.0] AndroidManifest.xml:33:9-64
25-->[com.google.android.gms:play-services-maps:18.1.0] AndroidManifest.xml:33:18-61
26    </queries> <!-- Required by older versions of Google Play services to create IID tokens -->
27    <uses-permission android:name="com.google.android.c2dm.permission.RECEIVE" />
27-->[com.google.firebase:firebase-iid:21.1.0] AndroidManifest.xml:26:5-82
27-->[com.google.firebase:firebase-iid:21.1.0] AndroidManifest.xml:26:22-79
28    <uses-permission android:name="com.google.android.gms.permission.AD_ID" />
28-->[com.google.android.gms:play-services-measurement-api:21.2.2] AndroidManifest.xml:25:5-79
28-->[com.google.android.gms:play-services-measurement-api:21.2.2] AndroidManifest.xml:25:22-76
29    <uses-permission android:name="com.google.android.finsky.permission.BIND_GET_INSTALL_REFERRER_SERVICE" />
29-->[com.google.android.gms:play-services-measurement:21.2.2] AndroidManifest.xml:26:5-110
29-->[com.google.android.gms:play-services-measurement:21.2.2] AndroidManifest.xml:26:22-107
30
31    <application
32        android:name="android.app.Application"
32-->src/main/AndroidManifest.xml:8:9-42
33        android:appComponentFactory="androidx.core.app.CoreComponentFactory"
33-->[androidx.core:core:1.8.0] AndroidManifest.xml:24:18-86
34        android:icon="@mipmap/ic_launcher"
34-->src/main/AndroidManifest.xml:9:9-43
35        android:label="customar_app" >
35-->src/main/AndroidManifest.xml:7:9-37
36        <activity
36-->src/main/AndroidManifest.xml:10:9-30:20
37            android:name="com.amofreight.atscustomar.customar_app.MainActivity"
37-->src/main/AndroidManifest.xml:11:13-41
38            android:configChanges="orientation|keyboardHidden|keyboard|screenSize|smallestScreenSize|locale|layoutDirection|fontScale|screenLayout|density|uiMode"
38-->src/main/AndroidManifest.xml:15:13-163
39            android:exported="true"
39-->src/main/AndroidManifest.xml:12:13-36
40            android:hardwareAccelerated="true"
40-->src/main/AndroidManifest.xml:16:13-47
41            android:launchMode="singleTop"
41-->src/main/AndroidManifest.xml:13:13-43
42            android:theme="@style/LaunchTheme"
42-->src/main/AndroidManifest.xml:14:13-47
43            android:windowSoftInputMode="adjustResize" >
43-->src/main/AndroidManifest.xml:17:13-55
44
45            <!--
46                 Specifies an Android theme to apply to this Activity as soon as
47                 the Android process has started. This theme is visible to the user
48                 while the Flutter UI initializes. After that, this theme continues
49                 to determine the Window background behind the Flutter UI.
50            -->
51            <meta-data
51-->src/main/AndroidManifest.xml:22:13-25:17
52                android:name="io.flutter.embedding.android.NormalTheme"
52-->src/main/AndroidManifest.xml:23:15-70
53                android:resource="@style/NormalTheme" />
53-->src/main/AndroidManifest.xml:24:15-52
54
55            <intent-filter>
55-->src/main/AndroidManifest.xml:26:13-29:29
56                <action android:name="android.intent.action.MAIN" />
56-->src/main/AndroidManifest.xml:27:17-68
56-->src/main/AndroidManifest.xml:27:25-66
57
58                <category android:name="android.intent.category.LAUNCHER" />
58-->src/main/AndroidManifest.xml:28:17-76
58-->src/main/AndroidManifest.xml:28:27-74
59            </intent-filter>
60        </activity>
61        <!--
62             Don't delete the meta-data below.
63             This is used by the Flutter tool to generate GeneratedPluginRegistrant.java
64        -->
65        <meta-data
65-->src/main/AndroidManifest.xml:33:9-35:33
66            android:name="flutterEmbedding"
66-->src/main/AndroidManifest.xml:34:13-44
67            android:value="2" />
67-->src/main/AndroidManifest.xml:35:13-30
68        <meta-data
68-->src/main/AndroidManifest.xml:36:9-37:70
69            android:name="com.google.android.geo.API_KEY"
69-->src/main/AndroidManifest.xml:36:20-65
70            android:value="AIzaSyAtGJMN2FH6FdFaSYBoItBO8IEK6TVdRVE" />
70-->src/main/AndroidManifest.xml:37:13-68
71
72        <service
72-->[:firebase_auth] AndroidManifest.xml:10:9-14:19
73            android:name="com.google.firebase.components.ComponentDiscoveryService"
73-->[:firebase_auth] AndroidManifest.xml:10:18-89
74            android:directBootAware="true"
74-->[com.google.firebase:firebase-common:20.3.2] AndroidManifest.xml:34:13-43
75            android:exported="false" >
75-->[com.google.firebase:firebase-analytics-ktx:21.2.2] AndroidManifest.xml:10:13-37
76            <meta-data
76-->[:firebase_auth] AndroidManifest.xml:11:13-13:85
77                android:name="com.google.firebase.components:io.flutter.plugins.firebase.auth.FlutterFirebaseAuthRegistrar"
77-->[:firebase_auth] AndroidManifest.xml:12:17-124
78                android:value="com.google.firebase.components.ComponentRegistrar" />
78-->[:firebase_auth] AndroidManifest.xml:13:17-82
79            <meta-data
79-->[:firebase_messaging] AndroidManifest.xml:38:13-40:85
80                android:name="com.google.firebase.components:io.flutter.plugins.firebase.messaging.FlutterFirebaseAppRegistrar"
80-->[:firebase_messaging] AndroidManifest.xml:39:17-128
81                android:value="com.google.firebase.components.ComponentRegistrar" />
81-->[:firebase_messaging] AndroidManifest.xml:40:17-82
82            <meta-data
82-->[:firebase_core] AndroidManifest.xml:11:13-13:85
83                android:name="com.google.firebase.components:io.flutter.plugins.firebase.core.FlutterFirebaseCoreRegistrar"
83-->[:firebase_core] AndroidManifest.xml:12:17-124
84                android:value="com.google.firebase.components.ComponentRegistrar" />
84-->[:firebase_core] AndroidManifest.xml:13:17-82
85            <meta-data
85-->[com.google.firebase:firebase-analytics-ktx:21.2.2] AndroidManifest.xml:11:13-13:85
86                android:name="com.google.firebase.components:com.google.firebase.analytics.ktx.FirebaseAnalyticsKtxRegistrar"
86-->[com.google.firebase:firebase-analytics-ktx:21.2.2] AndroidManifest.xml:12:17-126
87                android:value="com.google.firebase.components.ComponentRegistrar" />
87-->[com.google.firebase:firebase-analytics-ktx:21.2.2] AndroidManifest.xml:13:17-82
88            <meta-data
88-->[com.google.firebase:firebase-common-ktx:20.3.2] AndroidManifest.xml:14:13-16:85
89                android:name="com.google.firebase.components:com.google.firebase.ktx.FirebaseCommonKtxRegistrar"
89-->[com.google.firebase:firebase-common-ktx:20.3.2] AndroidManifest.xml:15:17-113
90                android:value="com.google.firebase.components.ComponentRegistrar" />
90-->[com.google.firebase:firebase-common-ktx:20.3.2] AndroidManifest.xml:16:17-82
91            <meta-data
91-->[com.google.firebase:firebase-auth:22.0.0] AndroidManifest.xml:69:13-71:85
92                android:name="com.google.firebase.components:com.google.firebase.auth.FirebaseAuthRegistrar"
92-->[com.google.firebase:firebase-auth:22.0.0] AndroidManifest.xml:70:17-109
93                android:value="com.google.firebase.components.ComponentRegistrar" />
93-->[com.google.firebase:firebase-auth:22.0.0] AndroidManifest.xml:71:17-82
94            <meta-data
94-->[com.google.firebase:firebase-iid:21.1.0] AndroidManifest.xml:32:13-34:85
95                android:name="com.google.firebase.components:com.google.firebase.iid.Registrar"
95-->[com.google.firebase:firebase-iid:21.1.0] AndroidManifest.xml:33:17-96
96                android:value="com.google.firebase.components.ComponentRegistrar" />
96-->[com.google.firebase:firebase-iid:21.1.0] AndroidManifest.xml:34:17-82
97            <meta-data
97-->[com.google.firebase:firebase-messaging:23.1.2] AndroidManifest.xml:55:13-57:85
98                android:name="com.google.firebase.components:com.google.firebase.messaging.FirebaseMessagingRegistrar"
98-->[com.google.firebase:firebase-messaging:23.1.2] AndroidManifest.xml:56:17-119
99                android:value="com.google.firebase.components.ComponentRegistrar" />
99-->[com.google.firebase:firebase-messaging:23.1.2] AndroidManifest.xml:57:17-82
100            <meta-data
100-->[com.google.android.gms:play-services-measurement-api:21.2.2] AndroidManifest.xml:31:13-33:85
101                android:name="com.google.firebase.components:com.google.firebase.analytics.connector.internal.AnalyticsConnectorRegistrar"
101-->[com.google.android.gms:play-services-measurement-api:21.2.2] AndroidManifest.xml:32:17-139
102                android:value="com.google.firebase.components.ComponentRegistrar" />
102-->[com.google.android.gms:play-services-measurement-api:21.2.2] AndroidManifest.xml:33:17-82
103            <meta-data
103-->[com.google.firebase:firebase-installations:17.1.3] AndroidManifest.xml:17:13-19:85
104                android:name="com.google.firebase.components:com.google.firebase.installations.FirebaseInstallationsRegistrar"
104-->[com.google.firebase:firebase-installations:17.1.3] AndroidManifest.xml:18:17-127
105                android:value="com.google.firebase.components.ComponentRegistrar" />
105-->[com.google.firebase:firebase-installations:17.1.3] AndroidManifest.xml:19:17-82
106            <meta-data
106-->[com.google.firebase:firebase-datatransport:18.1.7] AndroidManifest.xml:27:13-29:85
107                android:name="com.google.firebase.components:com.google.firebase.datatransport.TransportRegistrar"
107-->[com.google.firebase:firebase-datatransport:18.1.7] AndroidManifest.xml:28:17-115
108                android:value="com.google.firebase.components.ComponentRegistrar" />
108-->[com.google.firebase:firebase-datatransport:18.1.7] AndroidManifest.xml:29:17-82
109        </service>
110        <service
110-->[:firebase_messaging] AndroidManifest.xml:16:9-19:72
111            android:name="io.flutter.plugins.firebase.messaging.FlutterFirebaseMessagingBackgroundService"
111-->[:firebase_messaging] AndroidManifest.xml:17:13-107
112            android:exported="false"
112-->[:firebase_messaging] AndroidManifest.xml:18:13-37
113            android:permission="android.permission.BIND_JOB_SERVICE" />
113-->[:firebase_messaging] AndroidManifest.xml:19:13-69
114        <service
114-->[:firebase_messaging] AndroidManifest.xml:20:9-26:19
115            android:name="io.flutter.plugins.firebase.messaging.FlutterFirebaseMessagingService"
115-->[:firebase_messaging] AndroidManifest.xml:21:13-97
116            android:exported="false" >
116-->[:firebase_messaging] AndroidManifest.xml:22:13-37
117            <intent-filter>
117-->[:firebase_messaging] AndroidManifest.xml:23:13-25:29
118                <action android:name="com.google.firebase.MESSAGING_EVENT" />
118-->[:firebase_messaging] AndroidManifest.xml:24:17-78
118-->[:firebase_messaging] AndroidManifest.xml:24:25-75
119            </intent-filter>
120        </service>
121
122        <receiver
122-->[:firebase_messaging] AndroidManifest.xml:28:9-35:20
123            android:name="io.flutter.plugins.firebase.messaging.FlutterFirebaseMessagingReceiver"
123-->[:firebase_messaging] AndroidManifest.xml:29:13-98
124            android:exported="true"
124-->[:firebase_messaging] AndroidManifest.xml:30:13-36
125            android:permission="com.google.android.c2dm.permission.SEND" >
125-->[:firebase_messaging] AndroidManifest.xml:31:13-73
126            <intent-filter>
126-->[:firebase_messaging] AndroidManifest.xml:32:13-34:29
127                <action android:name="com.google.android.c2dm.intent.RECEIVE" />
127-->[:firebase_messaging] AndroidManifest.xml:33:17-81
127-->[:firebase_messaging] AndroidManifest.xml:33:25-78
128            </intent-filter>
129        </receiver>
130
131        <provider
131-->[:firebase_messaging] AndroidManifest.xml:43:9-47:38
132            android:name="io.flutter.plugins.firebase.messaging.FlutterFirebaseMessagingInitProvider"
132-->[:firebase_messaging] AndroidManifest.xml:44:13-102
133            android:authorities="com.amofreight.atscustomar.customar_app.flutterfirebasemessaginginitprovider"
133-->[:firebase_messaging] AndroidManifest.xml:45:13-88
134            android:exported="false"
134-->[:firebase_messaging] AndroidManifest.xml:46:13-37
135            android:initOrder="99" />
135-->[:firebase_messaging] AndroidManifest.xml:47:13-35
136        <provider
136-->[:image_picker_android] AndroidManifest.xml:10:9-18:20
137            android:name="io.flutter.plugins.imagepicker.ImagePickerFileProvider"
137-->[:image_picker_android] AndroidManifest.xml:11:13-82
138            android:authorities="com.amofreight.atscustomar.customar_app.flutter.image_provider"
138-->[:image_picker_android] AndroidManifest.xml:12:13-74
139            android:exported="false"
139-->[:image_picker_android] AndroidManifest.xml:13:13-37
140            android:grantUriPermissions="true" >
140-->[:image_picker_android] AndroidManifest.xml:14:13-47
141            <meta-data
141-->[:image_picker_android] AndroidManifest.xml:15:13-17:75
142                android:name="android.support.FILE_PROVIDER_PATHS"
142-->[:image_picker_android] AndroidManifest.xml:16:17-67
143                android:resource="@xml/flutter_image_picker_file_paths" />
143-->[:image_picker_android] AndroidManifest.xml:17:17-72
144        </provider>
145
146        <service
146-->[:location] AndroidManifest.xml:13:9-17:56
147            android:name="com.lyokone.location.FlutterLocationService"
147-->[:location] AndroidManifest.xml:14:13-71
148            android:enabled="true"
148-->[:location] AndroidManifest.xml:15:13-35
149            android:exported="false"
149-->[:location] AndroidManifest.xml:16:13-37
150            android:foregroundServiceType="location" />
150-->[:location] AndroidManifest.xml:17:13-53
151
152        <activity
152-->[com.google.firebase:firebase-auth:22.0.0] AndroidManifest.xml:29:9-46:20
153            android:name="com.google.firebase.auth.internal.GenericIdpActivity"
153-->[com.google.firebase:firebase-auth:22.0.0] AndroidManifest.xml:30:13-80
154            android:excludeFromRecents="true"
154-->[com.google.firebase:firebase-auth:22.0.0] AndroidManifest.xml:31:13-46
155            android:exported="true"
155-->[com.google.firebase:firebase-auth:22.0.0] AndroidManifest.xml:32:13-36
156            android:launchMode="singleTask"
156-->[com.google.firebase:firebase-auth:22.0.0] AndroidManifest.xml:33:13-44
157            android:theme="@android:style/Theme.Translucent.NoTitleBar" >
157-->[com.google.firebase:firebase-auth:22.0.0] AndroidManifest.xml:34:13-72
158            <intent-filter>
158-->[com.google.firebase:firebase-auth:22.0.0] AndroidManifest.xml:35:13-45:29
159                <action android:name="android.intent.action.VIEW" />
159-->[com.google.firebase:firebase-auth:22.0.0] AndroidManifest.xml:36:17-69
159-->[com.google.firebase:firebase-auth:22.0.0] AndroidManifest.xml:36:25-66
160
161                <category android:name="android.intent.category.DEFAULT" />
161-->[com.google.firebase:firebase-auth:22.0.0] AndroidManifest.xml:38:17-76
161-->[com.google.firebase:firebase-auth:22.0.0] AndroidManifest.xml:38:27-73
162                <category android:name="android.intent.category.BROWSABLE" />
162-->[com.google.firebase:firebase-auth:22.0.0] AndroidManifest.xml:39:17-78
162-->[com.google.firebase:firebase-auth:22.0.0] AndroidManifest.xml:39:27-75
163
164                <data
164-->[com.google.firebase:firebase-auth:22.0.0] AndroidManifest.xml:41:17-44:51
165                    android:host="firebase.auth"
165-->[com.google.firebase:firebase-auth:22.0.0] AndroidManifest.xml:42:21-49
166                    android:path="/"
166-->[com.google.firebase:firebase-auth:22.0.0] AndroidManifest.xml:43:21-37
167                    android:scheme="genericidp" />
167-->[com.google.firebase:firebase-auth:22.0.0] AndroidManifest.xml:44:21-48
168            </intent-filter>
169        </activity>
170        <activity
170-->[com.google.firebase:firebase-auth:22.0.0] AndroidManifest.xml:47:9-64:20
171            android:name="com.google.firebase.auth.internal.RecaptchaActivity"
171-->[com.google.firebase:firebase-auth:22.0.0] AndroidManifest.xml:48:13-79
172            android:excludeFromRecents="true"
172-->[com.google.firebase:firebase-auth:22.0.0] AndroidManifest.xml:49:13-46
173            android:exported="true"
173-->[com.google.firebase:firebase-auth:22.0.0] AndroidManifest.xml:50:13-36
174            android:launchMode="singleTask"
174-->[com.google.firebase:firebase-auth:22.0.0] AndroidManifest.xml:51:13-44
175            android:theme="@android:style/Theme.Translucent.NoTitleBar" >
175-->[com.google.firebase:firebase-auth:22.0.0] AndroidManifest.xml:52:13-72
176            <intent-filter>
176-->[com.google.firebase:firebase-auth:22.0.0] AndroidManifest.xml:53:13-63:29
177                <action android:name="android.intent.action.VIEW" />
177-->[com.google.firebase:firebase-auth:22.0.0] AndroidManifest.xml:36:17-69
177-->[com.google.firebase:firebase-auth:22.0.0] AndroidManifest.xml:36:25-66
178
179                <category android:name="android.intent.category.DEFAULT" />
179-->[com.google.firebase:firebase-auth:22.0.0] AndroidManifest.xml:38:17-76
179-->[com.google.firebase:firebase-auth:22.0.0] AndroidManifest.xml:38:27-73
180                <category android:name="android.intent.category.BROWSABLE" />
180-->[com.google.firebase:firebase-auth:22.0.0] AndroidManifest.xml:39:17-78
180-->[com.google.firebase:firebase-auth:22.0.0] AndroidManifest.xml:39:27-75
181
182                <data
182-->[com.google.firebase:firebase-auth:22.0.0] AndroidManifest.xml:41:17-44:51
183                    android:host="firebase.auth"
183-->[com.google.firebase:firebase-auth:22.0.0] AndroidManifest.xml:42:21-49
184                    android:path="/"
184-->[com.google.firebase:firebase-auth:22.0.0] AndroidManifest.xml:43:21-37
185                    android:scheme="recaptcha" />
185-->[com.google.firebase:firebase-auth:22.0.0] AndroidManifest.xml:44:21-48
186            </intent-filter>
187        </activity>
188        <activity
188-->[com.google.android.gms:play-services-auth:20.4.0] AndroidManifest.xml:23:9-27:75
189            android:name="com.google.android.gms.auth.api.signin.internal.SignInHubActivity"
189-->[com.google.android.gms:play-services-auth:20.4.0] AndroidManifest.xml:24:13-93
190            android:excludeFromRecents="true"
190-->[com.google.android.gms:play-services-auth:20.4.0] AndroidManifest.xml:25:13-46
191            android:exported="false"
191-->[com.google.android.gms:play-services-auth:20.4.0] AndroidManifest.xml:26:13-37
192            android:theme="@android:style/Theme.Translucent.NoTitleBar" />
192-->[com.google.android.gms:play-services-auth:20.4.0] AndroidManifest.xml:27:13-72
193        <!--
194            Service handling Google Sign-In user revocation. For apps that do not integrate with
195            Google Sign-In, this service will never be started.
196        -->
197        <service
197-->[com.google.android.gms:play-services-auth:20.4.0] AndroidManifest.xml:33:9-37:51
198            android:name="com.google.android.gms.auth.api.signin.RevocationBoundService"
198-->[com.google.android.gms:play-services-auth:20.4.0] AndroidManifest.xml:34:13-89
199            android:exported="true"
199-->[com.google.android.gms:play-services-auth:20.4.0] AndroidManifest.xml:35:13-36
200            android:permission="com.google.android.gms.auth.api.signin.permission.REVOCATION_NOTIFICATION"
200-->[com.google.android.gms:play-services-auth:20.4.0] AndroidManifest.xml:36:13-107
201            android:visibleToInstantApps="true" /> <!-- Needs to be explicitly declared on P+ -->
201-->[com.google.android.gms:play-services-auth:20.4.0] AndroidManifest.xml:37:13-48
202        <uses-library
202-->[com.google.android.gms:play-services-maps:18.1.0] AndroidManifest.xml:39:9-41:40
203            android:name="org.apache.http.legacy"
203-->[com.google.android.gms:play-services-maps:18.1.0] AndroidManifest.xml:40:13-50
204            android:required="false" />
204-->[com.google.android.gms:play-services-maps:18.1.0] AndroidManifest.xml:41:13-37
205
206        <receiver
206-->[com.google.firebase:firebase-messaging:23.1.2] AndroidManifest.xml:31:9-38:20
207            android:name="com.google.firebase.iid.FirebaseInstanceIdReceiver"
207-->[com.google.firebase:firebase-messaging:23.1.2] AndroidManifest.xml:32:13-78
208            android:exported="true"
208-->[com.google.firebase:firebase-messaging:23.1.2] AndroidManifest.xml:33:13-36
209            android:permission="com.google.android.c2dm.permission.SEND" >
209-->[com.google.firebase:firebase-messaging:23.1.2] AndroidManifest.xml:34:13-73
210            <intent-filter>
210-->[:firebase_messaging] AndroidManifest.xml:32:13-34:29
211                <action android:name="com.google.android.c2dm.intent.RECEIVE" />
211-->[:firebase_messaging] AndroidManifest.xml:33:17-81
211-->[:firebase_messaging] AndroidManifest.xml:33:25-78
212            </intent-filter>
213        </receiver>
214        <!--
215             FirebaseMessagingService performs security checks at runtime,
216             but set to not exported to explicitly avoid allowing another app to call it.
217        -->
218        <service
218-->[com.google.firebase:firebase-messaging:23.1.2] AndroidManifest.xml:44:9-51:19
219            android:name="com.google.firebase.messaging.FirebaseMessagingService"
219-->[com.google.firebase:firebase-messaging:23.1.2] AndroidManifest.xml:45:13-82
220            android:directBootAware="true"
220-->[com.google.firebase:firebase-messaging:23.1.2] AndroidManifest.xml:46:13-43
221            android:exported="false" >
221-->[com.google.firebase:firebase-messaging:23.1.2] AndroidManifest.xml:47:13-37
222            <intent-filter android:priority="-500" >
222-->[:firebase_messaging] AndroidManifest.xml:23:13-25:29
223                <action android:name="com.google.firebase.MESSAGING_EVENT" />
223-->[:firebase_messaging] AndroidManifest.xml:24:17-78
223-->[:firebase_messaging] AndroidManifest.xml:24:25-75
224            </intent-filter>
225        </service>
226
227        <provider
227-->[com.google.firebase:firebase-common:20.3.2] AndroidManifest.xml:25:9-30:39
228            android:name="com.google.firebase.provider.FirebaseInitProvider"
228-->[com.google.firebase:firebase-common:20.3.2] AndroidManifest.xml:26:13-77
229            android:authorities="com.amofreight.atscustomar.customar_app.firebaseinitprovider"
229-->[com.google.firebase:firebase-common:20.3.2] AndroidManifest.xml:27:13-72
230            android:directBootAware="true"
230-->[com.google.firebase:firebase-common:20.3.2] AndroidManifest.xml:28:13-43
231            android:exported="false"
231-->[com.google.firebase:firebase-common:20.3.2] AndroidManifest.xml:29:13-37
232            android:initOrder="100" />
232-->[com.google.firebase:firebase-common:20.3.2] AndroidManifest.xml:30:13-36
233
234        <activity
234-->[com.google.android.gms:play-services-base:18.0.1] AndroidManifest.xml:20:9-22:45
235            android:name="com.google.android.gms.common.api.GoogleApiActivity"
235-->[com.google.android.gms:play-services-base:18.0.1] AndroidManifest.xml:20:19-85
236            android:exported="false"
236-->[com.google.android.gms:play-services-base:18.0.1] AndroidManifest.xml:22:19-43
237            android:theme="@android:style/Theme.Translucent.NoTitleBar" />
237-->[com.google.android.gms:play-services-base:18.0.1] AndroidManifest.xml:21:19-78
238
239        <receiver
239-->[com.google.android.gms:play-services-measurement:21.2.2] AndroidManifest.xml:29:9-33:20
240            android:name="com.google.android.gms.measurement.AppMeasurementReceiver"
240-->[com.google.android.gms:play-services-measurement:21.2.2] AndroidManifest.xml:30:13-85
241            android:enabled="true"
241-->[com.google.android.gms:play-services-measurement:21.2.2] AndroidManifest.xml:31:13-35
242            android:exported="false" >
242-->[com.google.android.gms:play-services-measurement:21.2.2] AndroidManifest.xml:32:13-37
243        </receiver>
244
245        <service
245-->[com.google.android.gms:play-services-measurement:21.2.2] AndroidManifest.xml:35:9-38:40
246            android:name="com.google.android.gms.measurement.AppMeasurementService"
246-->[com.google.android.gms:play-services-measurement:21.2.2] AndroidManifest.xml:36:13-84
247            android:enabled="true"
247-->[com.google.android.gms:play-services-measurement:21.2.2] AndroidManifest.xml:37:13-35
248            android:exported="false" />
248-->[com.google.android.gms:play-services-measurement:21.2.2] AndroidManifest.xml:38:13-37
249        <service
249-->[com.google.android.gms:play-services-measurement:21.2.2] AndroidManifest.xml:39:9-43:72
250            android:name="com.google.android.gms.measurement.AppMeasurementJobService"
250-->[com.google.android.gms:play-services-measurement:21.2.2] AndroidManifest.xml:40:13-87
251            android:enabled="true"
251-->[com.google.android.gms:play-services-measurement:21.2.2] AndroidManifest.xml:41:13-35
252            android:exported="false"
252-->[com.google.android.gms:play-services-measurement:21.2.2] AndroidManifest.xml:42:13-37
253            android:permission="android.permission.BIND_JOB_SERVICE" />
253-->[com.google.android.gms:play-services-measurement:21.2.2] AndroidManifest.xml:43:13-69
254
255        <meta-data
255-->[com.google.android.gms:play-services-basement:18.1.0] AndroidManifest.xml:21:9-23:69
256            android:name="com.google.android.gms.version"
256-->[com.google.android.gms:play-services-basement:18.1.0] AndroidManifest.xml:22:13-58
257            android:value="@integer/google_play_services_version" />
257-->[com.google.android.gms:play-services-basement:18.1.0] AndroidManifest.xml:23:13-66
258
259        <uses-library
259-->[androidx.window:window:1.0.0-beta04] AndroidManifest.xml:25:9-27:40
260            android:name="androidx.window.extensions"
260-->[androidx.window:window:1.0.0-beta04] AndroidManifest.xml:26:13-54
261            android:required="false" />
261-->[androidx.window:window:1.0.0-beta04] AndroidManifest.xml:27:13-37
262        <uses-library
262-->[androidx.window:window:1.0.0-beta04] AndroidManifest.xml:28:9-30:40
263            android:name="androidx.window.sidecar"
263-->[androidx.window:window:1.0.0-beta04] AndroidManifest.xml:29:13-51
264            android:required="false" />
264-->[androidx.window:window:1.0.0-beta04] AndroidManifest.xml:30:13-37
265
266        <service
266-->[com.google.android.datatransport:transport-backend-cct:3.1.8] AndroidManifest.xml:28:9-34:19
267            android:name="com.google.android.datatransport.runtime.backends.TransportBackendDiscovery"
267-->[com.google.android.datatransport:transport-backend-cct:3.1.8] AndroidManifest.xml:29:13-103
268            android:exported="false" >
268-->[com.google.android.datatransport:transport-backend-cct:3.1.8] AndroidManifest.xml:30:13-37
269            <meta-data
269-->[com.google.android.datatransport:transport-backend-cct:3.1.8] AndroidManifest.xml:31:13-33:39
270                android:name="backend:com.google.android.datatransport.cct.CctBackendFactory"
270-->[com.google.android.datatransport:transport-backend-cct:3.1.8] AndroidManifest.xml:32:17-94
271                android:value="cct" />
271-->[com.google.android.datatransport:transport-backend-cct:3.1.8] AndroidManifest.xml:33:17-36
272        </service>
273        <service
273-->[com.google.android.datatransport:transport-runtime:3.1.8] AndroidManifest.xml:26:9-30:19
274            android:name="com.google.android.datatransport.runtime.scheduling.jobscheduling.JobInfoSchedulerService"
274-->[com.google.android.datatransport:transport-runtime:3.1.8] AndroidManifest.xml:27:13-117